<?xml version="1.0" encoding="UTF-8"?>
<testsuite name="com.shadowshiftstudio.aniway.app.AppApplicationTests" tests="1" skipped="0" failures="0" errors="0" timestamp="2023-07-23T15:50:50" hostname="pop-os" time="1.184">
  <properties/>
  <testcase name="contextLoads()" classname="com.shadowshiftstudio.aniway.app.AppApplicationTests" time="1.184"/>
  <system-out><![CDATA[22:50:47.748 [Test worker] INFO org.springframework.test.context.support.AnnotationConfigContextLoaderUtils -- Could not detect default configuration classes for test class [com.shadowshiftstudio.aniway.app.AppApplicationTests]: AppApplicationTests does not declare any static, non-private, non-final, nested classes annotated with @Configuration.
22:50:47.895 [Test worker] INFO org.springframework.boot.test.context.SpringBootTestContextBootstrapper -- Found @SpringBootConfiguration com.shadowshiftstudio.aniway.app.AuthApplication for test class com.shadowshiftstudio.aniway.app.AppApplicationTests

  .   ____          _            __ _ _
 /\\ / ___'_ __ _ _(_)_ __  __ _ \ \ \ \
( ( )\___ | '_ | '_| | '_ \/ _` | \ \ \ \
 \\/  ___)| |_)| | | | | || (_| |  ) ) ) )
  '  |____| .__|_| |_|_| |_\__, | / / / /
 =========|_|==============|___/=/_/_/_/
 :: Spring Boot ::       (v3.2.0-SNAPSHOT)

2023-07-23T22:50:48.486+07:00  INFO 151896 --- [    Test worker] c.s.aniway.app.AppApplicationTests       : Starting AppApplicationTests using Java 17.0.7 with PID 151896 (started by danilka108 in /home/danilka108/programing/AniWay-backend/auth)
2023-07-23T22:50:48.489+07:00  INFO 151896 --- [    Test worker] c.s.aniway.app.AppApplicationTests       : No active profile set, falling back to 1 default profile: "default"
2023-07-23T22:50:50.792+07:00  INFO 151896 --- [    Test worker] o.s.b.a.e.web.EndpointLinksResolver      : Exposing 1 endpoint(s) beneath base path '/actuator'
2023-07-23T22:50:50.880+07:00  INFO 151896 --- [    Test worker] c.s.aniway.app.AppApplicationTests       : Started AppApplicationTests in 2.785 seconds (process running for 4.462)
]]></system-out>
  <system-err><![CDATA[]]></system-err>
</testsuite>
